01.11.2021 00:19:05 [SpawnerZeds] SpawnerZeds started!
01.11.2021 00:19:05 [SpawnerZeds] Created trigger trigger1 at 1683 457 14219
01.11.2021 00:19:05 [SpawnerZeds] Created trigger trigger2 at 1530 0 8
01.11.2021 00:19:49 [SpawnerZeds] 'SpawnerZeds.json' found, loading existing config
01.11.2021 00:19:49 [SpawnerZeds] SpawnerZeds started!
01.11.2021 00:19:49 [SpawnerZeds] Created trigger trigger1 at 1683 457 14219
01.11.2021 00:19:49 [SpawnerZeds] Created trigger trigger2 at 1530 0 8
01.11.2021 00:29:17 [SpawnerZeds] 'SpawnerZeds.json' found, loading existing config
01.11.2021 00:29:17 [SpawnerZeds] SpawnerZeds started!
01.11.2021 00:29:17 [SpawnerZeds] Created trigger trigger1 at 1683 457 14219
01.11.2021 00:29:17 [SpawnerZeds] Created trigger trigger2 at 1530 0 8
01.11.2021 00:31:06 [SpawnerZeds] 'SpawnerZeds.json' found, loading existing config
01.11.2021 00:31:06 [SpawnerZeds] SpawnerZeds started!
01.11.2021 00:31:06 [SpawnerZeds] Created trigger trigger1 at 723.506836 18.343584 2990.665527
01.11.2021 00:31:06 [SpawnerZeds] Created trigger trigger2 at 1530 0 8
01.11.2021 00:31:48 [SpawnerZeds] lugge triggered trigger1
01.11.2021 16:09:33 [SpawnerZeds] 'SpawnerZeds.json' found, loading existing config
01.11.2021 16:09:33 [SpawnerZeds] SpawnerZeds started!
01.11.2021 16:09:33 [SpawnerZeds] Created trigger trigger1 at 723.506836 18.343584 2990.665527
01.11.2021 16:09:33 [SpawnerZeds] Created trigger trigger2 at 1530 0 8
01.11.2021 18:04:06 [SpawnerZeds] 'SpawnerZeds.json' found, loading existing config
01.11.2021 18:04:06 [SpawnerZeds] SpawnerZeds started!
01.11.2021 18:04:06 [SpawnerZeds] Created trigger trigger1 at 723.506836 18.343584 2990.665527
01.11.2021 18:04:06 [SpawnerZeds] Created trigger trigger2 at 1530 0 8
01.11.2021 18:06:07 [SpawnerZeds] 'SpawnerZeds.json' found, loading existing config
01.11.2021 18:06:07 [SpawnerZeds] SpawnerZeds started!
01.11.2021 18:06:07 [SpawnerZeds] Created trigger trigger1 at 723.506836 18.343584 2990.665527
01.11.2021 18:06:07 [SpawnerZeds] Created trigger trigger2 at 1530 0 8
01.11.2021 20:56:50 [SpawnerZeds] 'SpawnerZeds.json' found, loading existing config
01.11.2021 20:56:50 [SpawnerZeds] SpawnerZeds started!
01.11.2021 20:56:50 [SpawnerZeds] Created trigger trigger1 at 723.506836 18.343584 2990.665527
01.11.2021 20:56:50 [SpawnerZeds] Created trigger trigger2 at 1530 0 8
01.11.2021 21:11:03 [SpawnerZeds] 'SpawnerZeds.json' found, loading existing config
01.11.2021 21:11:03 [SpawnerZeds] SpawnerZeds started!
01.11.2021 21:11:03 [SpawnerZeds] Created trigger trigger1 at 723.506836 18.343584 2990.665527
01.11.2021 21:11:03 [SpawnerZeds] Created trigger trigger2 at 1530 0 8
01.11.2021 21:12:15 [SpawnerZeds] 'SpawnerZeds.json' found, loading existing config
01.11.2021 21:12:15 [SpawnerZeds] SpawnerZeds started!
01.11.2021 21:12:15 [SpawnerZeds] Created trigger trigger1 at 723.506836 18.343584 2990.665527
01.11.2021 21:12:15 [SpawnerZeds] Created trigger trigger2 at 1530 0 8
01.11.2021 21:19:50 [SpawnerZeds] 'SpawnerZeds.json' found, loading existing config
01.11.2021 21:19:50 [SpawnerZeds] SpawnerZeds started!
01.11.2021 21:19:50 [SpawnerZeds] Created trigger trigger1 at 723.506836 18.343584 2990.665527
01.11.2021 21:19:50 [SpawnerZeds] Created trigger trigger2 at 1530 0 8
01.11.2021 21:55:15 [SpawnerZeds] 'SpawnerZeds.json' found, loading existing config
01.11.2021 21:55:15 [SpawnerZeds] SpawnerZeds started!
01.11.2021 21:55:15 [SpawnerZeds] Created trigger trigger1 at 723.506836 18.343584 2990.665527
01.11.2021 21:55:15 [SpawnerZeds] Created trigger trigger2 at 1530 0 8
01.11.2021 22:01:11 [SpawnerZeds] lugge triggered trigger1
02.11.2021 09:50:50 [SpawnerZeds] 'SpawnerZeds.json' found, loading existing config
02.11.2021 09:50:50 [SpawnerZeds] SpawnerZeds started!
02.11.2021 09:50:50 [SpawnerZeds] Created trigger trigger1 at 723.506836 18.343584 2990.665527
02.11.2021 09:50:50 [SpawnerZeds] Created trigger trigger2 at 6223.155273 1.899420 4928.493652
02.11.2021 09:54:01 [SpawnerZeds] lugge triggered trigger2
02.11.2021 09:59:48 [SpawnerZeds] 'SpawnerZeds.json' found, loading existing config
02.11.2021 09:59:48 [SpawnerZeds] SpawnerZeds started!
02.11.2021 10:04:21 [SpawnerZeds] 'SpawnerZeds.json' found, loading existing config
02.11.2021 10:04:21 [SpawnerZeds] SpawnerZeds started!
02.11.2021 10:04:21 [SpawnerZeds] Created trigger trigger1 at 723.506836 18.343584 2990.665527
02.11.2021 10:04:21 [SpawnerZeds] Created trigger trigger2 at 6223.155273 1.899420 4928.493652
02.11.2021 10:05:00 [SpawnerZeds] lugge triggered trigger2
02.11.2021 10:05:47 [SpawnerZeds] 'SpawnerZeds.json' found, loading existing config
02.11.2021 10:05:47 [SpawnerZeds] SpawnerZeds started!
02.11.2021 10:05:47 [SpawnerZeds] Created trigger trigger1 at 723.506836 18.343584 2990.665527
02.11.2021 10:05:47 [SpawnerZeds] Created trigger trigger2 at 6223.155273 1.899420 4928.493652
02.11.2021 10:08:01 [SpawnerZeds] lugge triggered trigger2
02.11.2021 10:29:21 [SpawnerZeds] 'SpawnerZeds.json' found, loading existing config
02.11.2021 10:29:21 [SpawnerZeds] SpawnerZeds started!
02.11.2021 10:29:21 [SpawnerZeds] Created trigger trigger1 at 723.506836 18.343584 2990.665527
02.11.2021 10:29:21 [SpawnerZeds] Created trigger trigger2 at 6223.155273 1.899420 4928.493652
02.11.2021 10:30:56 [SpawnerZeds] lugge triggered trigger2
02.11.2021 10:32:24 [SpawnerZeds] 'SpawnerZeds.json' found, loading existing config
02.11.2021 10:32:24 [SpawnerZeds] SpawnerZeds started!
02.11.2021 10:32:24 [SpawnerZeds] Created trigger trigger1 at 723.506836 18.343584 2990.665527
02.11.2021 10:32:24 [SpawnerZeds] Created trigger trigger2 at 6223.155273 1.899420 4928.493652
02.11.2021 10:34:05 [SpawnerZeds] lugge triggered trigger2
02.11.2021 10:43:18 [SpawnerZeds] 'SpawnerZeds.json' found, loading existing config
02.11.2021 10:43:18 [SpawnerZeds] SpawnerZeds started!
02.11.2021 10:43:18 [SpawnerZeds] Created trigger trigger1 at 723.506836 18.343584 2990.665527
02.11.2021 10:43:18 [SpawnerZeds] Created trigger trigger2 at 6223.155273 1.899420 4928.493652
02.11.2021 10:44:30 [SpawnerZeds] lugge triggered trigger2
02.11.2021 17:54:45 [SpawnerZeds] 'SpawnerZeds.json' found, loading existing config
02.11.2021 17:54:45 [SpawnerZeds] SpawnerZeds started!
02.11.2021 17:54:45 [SpawnerZeds] Created trigger trigger1 at 723.506836 18.343584 2990.665527
02.11.2021 17:54:45 [SpawnerZeds] Created trigger trigger2 at 6223.155273 1.899420 4928.493652
02.11.2021 18:27:11 [SpawnerZeds] 'SpawnerZeds.json' found, loading existing config
02.11.2021 18:27:11 [SpawnerZeds] SpawnerZeds started!
02.11.2021 18:27:11 [SpawnerZeds] Created trigger trigger1 at 723.506836 18.343584 2990.665527
02.11.2021 18:27:11 [SpawnerZeds] Created trigger trigger2 at 6223.155273 1.899420 4928.493652
02.11.2021 18:28:26 [SpawnerZeds] 'SpawnerZeds.json' found, loading existing config
02.11.2021 18:28:26 [SpawnerZeds] SpawnerZeds started!
02.11.2021 18:28:26 [SpawnerZeds] Created trigger trigger1 at 723.506836 18.343584 2990.665527
02.11.2021 18:28:26 [SpawnerZeds] Created trigger trigger2 at 6223.155273 1.899420 4928.493652
02.11.2021 19:18:24 [SpawnerZeds] 'SpawnerZeds.json' found, loading existing config
02.11.2021 19:18:24 [SpawnerZeds] SpawnerZeds started!
02.11.2021 19:18:24 [SpawnerZeds] Created trigger trigger1 at 723.506836 18.343584 2990.665527
02.11.2021 19:18:24 [SpawnerZeds] Created trigger trigger2 at 6223.155273 1.899420 4928.493652
02.11.2021 19:30:57 [SpawnerZeds] 'SpawnerZeds.json' found, loading existing config
02.11.2021 19:30:57 [SpawnerZeds] SpawnerZeds started!
02.11.2021 19:30:57 [SpawnerZeds] Created trigger trigger1 at 723.506836 18.343584 2990.665527
02.11.2021 19:30:57 [SpawnerZeds] Created trigger trigger2 at 6223.155273 1.899420 4928.493652
02.11.2021 20:06:44 [SpawnerZeds] 'SpawnerZeds.json' found, loading existing config
02.11.2021 20:06:44 [SpawnerZeds] SpawnerZeds started!
02.11.2021 20:06:44 [SpawnerZeds] Created trigger trigger1 at 723.506836 18.343584 2990.665527
02.11.2021 20:06:44 [SpawnerZeds] Created trigger trigger2 at 6223.155273 1.899420 4928.493652
02.11.2021 20:19:32 [SpawnerZeds] 'SpawnerZeds.json' found, loading existing config
02.11.2021 20:19:32 [SpawnerZeds] SpawnerZeds started!
02.11.2021 20:19:32 [SpawnerZeds] Created trigger trigger1 at 723.506836 18.343584 2990.665527
02.11.2021 20:19:32 [SpawnerZeds] Created trigger trigger2 at 6223.155273 1.899420 4928.493652
